<?xml version="1.0" encoding="UTF-8"?>
<!-- Generated by org.testng.reporters.JUnitReportReporter -->
<testsuite hostname="LAPTOP-TP226488" failures="0" tests="1" name="test.RestAssured.UpdateBookingTest" time="4.115" errors="0" timestamp="2025-03-06T01:12:42 IST" skipped="0">
  <testcase classname="test.RestAssured.UpdateBookingTest" name="updateBookingTest" time="4.115"/>
</testsuite> <!-- test.RestAssured.UpdateBookingTest -->
