<?xml version="1.0" encoding="UTF-8"?>
<!-- Generated by org.testng.reporters.JUnitReportReporter -->
<testsuite hostname="LAPTOP-TP226488" failures="0" tests="2" name="test.RestAssured.HealthCheckTest" time="4.702" errors="0" timestamp="2025-03-07T01:32:25 IST" skipped="0">
  <testcase classname="test.RestAssured.HealthCheckTest" name="CheckTest" time="2.327"/>
  <testcase classname="test.RestAssured.HealthCheckTest" name="headersAndCookiesTest" time="2.375"/>
</testsuite> <!-- test.RestAssured.HealthCheckTest -->
