<?xml version="1.0" encoding="UTF-8"?>
<!-- Generated by org.testng.reporters.JUnitReportReporter -->
<testsuite hostname="LAPTOP-TP226488" failures="0" tests="1" name="test.RestAssured.DeleteBookingTest" time="5.293" errors="0" timestamp="2025-03-06T01:12:15 IST" skipped="0">
  <testcase classname="test.RestAssured.DeleteBookingTest" name="deleteBooking" time="5.293"/>
</testsuite> <!-- test.RestAssured.DeleteBookingTest -->
