<?xml version="1.0" encoding="UTF-8"?>
<!-- Generated by org.testng.reporters.JUnitReportReporter -->
<testsuite hostname="LAPTOP-TP226488" failures="0" tests="2" name="test.RestAssured.GetBookingTest" time="7.521" errors="0" timestamp="2025-03-07T02:00:58 IST" skipped="0">
  <testcase classname="test.RestAssured.GetBookingTest" name="BookingIdXMLTest" time="2.718"/>
  <testcase classname="test.RestAssured.GetBookingTest" name="BookingId" time="4.803"/>
</testsuite> <!-- test.RestAssured.GetBookingTest -->
