<?xml version="1.0" encoding="UTF-8"?>
<!-- Generated by org.testng.reporters.JUnitReportReporter -->
<testsuite hostname="LAPTOP-TP226488" failures="0" tests="1" name="test.RestAssured.CreateBookingTests" time="3.835" errors="0" timestamp="2025-03-07T22:17:17 IST" skipped="0">
  <testcase classname="test.RestAssured.CreateBookingTests" name="createBookingWithPOJOTest" time="3.835"/>
</testsuite> <!-- test.RestAssured.CreateBookingTests -->
