<?xml version="1.0" encoding="UTF-8"?>
<!-- Generated by org.testng.reporters.JUnitReportReporter -->
<testsuite hostname="LAPTOP-TP226488" failures="0" tests="2" name="test.RestAssured.GetBookingIds" time="4.174" errors="0" timestamp="2025-03-07T00:38:17 IST" skipped="0">
  <testcase classname="test.RestAssured.GetBookingIds" name="getBookingIdWithFilter" time="1.519"/>
  <testcase classname="test.RestAssured.GetBookingIds" name="BookingId" time="2.655"/>
</testsuite> <!-- test.RestAssured.GetBookingIds -->
